0 info it worked if it ends with ok
1 verbose cli [ 'C:\\Program Files\\nodejs\\node.exe',
1 verbose cli   'C:\\Program Files\\nodejs\\node_modules\\npm\\bin\\npm-cli.js',
1 verbose cli   'run',
1 verbose cli   'start' ]
2 info using npm@3.8.3
3 info using node@v5.10.1
4 verbose run-script [ 'prestart', 'start', 'poststart' ]
5 info lifecycle apm-start@1.0.0~prestart: apm-start@1.0.0
6 silly lifecycle apm-start@1.0.0~prestart: no script for prestart, continuing
7 info lifecycle apm-start@1.0.0~start: apm-start@1.0.0
8 verbose lifecycle apm-start@1.0.0~start: unsafe-perm in lifecycle true
9 verbose lifecycle apm-start@1.0.0~start: PATH: C:\Program Files\nodejs\node_modules\npm\bin\node-gyp-bin;c:\Users\igrishin.ALT-LAN\Sources\APM - Start\node_modules\.bin;C:\Program Files\nodejs;C:\Windows\system32;C:\Windows;C:\Windows\System32\Wbem;C:\Windows\System32\WindowsPowerShell\v1.0\;C:\Program Files (x86)\Windows Kits\8.1\Windows Performance Toolkit\;C:\Program Files\Microsoft SQL Server\120\Tools\Binn\;C:\Program Files (x86)\Skype\Phone\;c:\Program Files (x86)\Microsoft SQL Server\110\Tools\Binn\;c:\Program Files\Microsoft SQL Server\110\Tools\Binn\;c:\Program Files\Microsoft SQL Server\110\DTS\Binn\;C:\Program Files (x86)\QuickTime\QTSystem\;C:\Program Files\Git\cmd;C:\Program Files\nodejs\;C:\Users\igrishin.ALT-LAN\.dnx\runtimes\dnx-clr-win-x86.1.0.0-rc1-update1\bin;C:\Users\igrishin.ALT-LAN\.dnx\bin;C:\Program Files\Docker Toolbox;C:\Program Files (x86)\Microsoft VS Code\bin;C:\Users\igrishin.ALT-LAN\AppData\Roaming\npm
10 verbose lifecycle apm-start@1.0.0~start: CWD: c:\Users\igrishin.ALT-LAN\Sources\APM - Start
11 silly lifecycle apm-start@1.0.0~start: Args: [ '/d /s /c', 'lite-server' ]
12 silly lifecycle apm-start@1.0.0~start: Returned: code: 3  signal: null
13 info lifecycle apm-start@1.0.0~start: Failed to exec start script
14 verbose stack Error: apm-start@1.0.0 start: `lite-server`
14 verbose stack Exit status 3
14 verbose stack     at EventEmitter.<anonymous> (C:\Program Files\nodejs\node_modules\npm\lib\utils\lifecycle.js:239:16)
14 verbose stack     at emitTwo (events.js:100:13)
14 verbose stack     at EventEmitter.emit (events.js:185:7)
14 verbose stack     at ChildProcess.<anonymous> (C:\Program Files\nodejs\node_modules\npm\lib\utils\spawn.js:24:14)
14 verbose stack     at emitTwo (events.js:100:13)
14 verbose stack     at ChildProcess.emit (events.js:185:7)
14 verbose stack     at maybeClose (internal/child_process.js:850:16)
14 verbose stack     at Process.ChildProcess._handle.onexit (internal/child_process.js:215:5)
15 verbose pkgid apm-start@1.0.0
16 verbose cwd c:\Users\igrishin.ALT-LAN\Sources\APM - Start
17 error Windows_NT 10.0.10586
18 error argv "C:\\Program Files\\nodejs\\node.exe" "C:\\Program Files\\nodejs\\node_modules\\npm\\bin\\npm-cli.js" "run" "start"
19 error node v5.10.1
20 error npm  v3.8.3
21 error code ELIFECYCLE
22 error apm-start@1.0.0 start: `lite-server`
22 error Exit status 3
23 error Failed at the apm-start@1.0.0 start script 'lite-server'.
23 error Make sure you have the latest version of node.js and npm installed.
23 error If you do, this is most likely a problem with the apm-start package,
23 error not with npm itself.
23 error Tell the author that this fails on your system:
23 error     lite-server
23 error You can get information on how to open an issue for this project with:
23 error     npm bugs apm-start
23 error Or if that isn't available, you can get their info via:
23 error     npm owner ls apm-start
23 error There is likely additional logging output above.
24 verbose exit [ 1, true ]
